# JRE version: Java(TM) SE Runtime Environment (8.0_261-b12) (build 1.8.0_261-b12)
# Java VM: Java HotSpot(TM) 64-Bit Server VM (25.261-b12 mixed mode windows-amd64 compressed oops)
Heap:
 PSYoungGen      total 120832K, used 47175K [0x0000000756b00000, 0x0000000761100000, 0x00000007c0000000)
  eden space 107520K, 43% used [0x0000000756b00000,0x0000000759911d58,0x000000075d400000)
  from space 13312K, 0% used [0x000000075d400000,0x000000075d400000,0x000000075e100000)
  to   space 13824K, 0% used [0x0000000760380000,0x0000000760380000,0x0000000761100000)
 ParOldGen       total 237568K, used 17097K [0x0000000684000000, 0x0000000692800000, 0x0000000756b00000)
  object space 237568K, 7% used [0x0000000684000000,0x00000006850b2540,0x0000000692800000)
 Metaspace       used 37332K, capacity 39266K, committed 39424K, reserved 1083392K
  class space    used 4725K, capacity 5067K, committed 5120K, reserved 1048576K
GC Heap History (10 events):
Event: 1.179 GC heap before
{Heap before GC invocations=3 (full 1):
 PSYoungGen      total 94208K, used 9838K [0x0000000756b00000, 0x0000000762300000, 0x00000007c0000000)
  eden space 80896K, 0% used [0x0000000756b00000,0x0000000756b00000,0x000000075ba00000)
  from space 13312K, 73% used [0x000000075c700000,0x000000075d09b860,0x000000075d400000)
  to   space 13312K, 0% used [0x000000075ba00000,0x000000075ba00000,0x000000075c700000)
 ParOldGen       total 216064K, used 24K [0x0000000684000000, 0x0000000691300000, 0x0000000756b00000)
  object space 216064K, 0% used [0x0000000684000000,0x0000000684006000,0x0000000691300000)
 Metaspace       used 20453K, capacity 21098K, committed 21296K, reserved 1069056K
  class space    used 2526K, capacity 2663K, committed 2688K, reserved 1048576K
Event: 1.201 GC heap after
Heap after GC invocations=3 (full 1):
 PSYoungGen      total 94208K, used 0K [0x0000000756b00000, 0x0000000762300000, 0x00000007c0000000)
  eden space 80896K, 0% used [0x0000000756b00000,0x0000000756b00000,0x000000075ba00000)
  from space 13312K, 0% used [0x000000075c700000,0x000000075c700000,0x000000075d400000)
  to   space 13312K, 0% used [0x000000075ba00000,0x000000075ba00000,0x000000075c700000)
 ParOldGen       total 142336K, used 9402K [0x0000000684000000, 0x000000068cb00000, 0x0000000756b00000)
  object space 142336K, 6% used [0x0000000684000000,0x000000068492e840,0x000000068cb00000)
 Metaspace       used 20451K, capacity 21092K, committed 21296K, reserved 1069056K
  class space    used 2525K, capacity 2662K, committed 2688K, reserved 1048576K
}
Event: 1.559 GC heap before
{Heap before GC invocations=4 (full 1):
 PSYoungGen      total 94208K, used 80896K [0x0000000756b00000, 0x0000000762300000, 0x00000007c0000000)
  eden space 80896K, 100% used [0x0000000756b00000,0x000000075ba00000,0x000000075ba00000)
  from space 13312K, 0% used [0x000000075c700000,0x000000075c700000,0x000000075d400000)
  to   space 13312K, 0% used [0x000000075ba00000,0x000000075ba00000,0x000000075c700000)
 ParOldGen       total 142336K, used 9402K [0x0000000684000000, 0x000000068cb00000, 0x0000000756b00000)
  object space 142336K, 6% used [0x0000000684000000,0x000000068492e840,0x000000068cb00000)
 Metaspace       used 22266K, capacity 23120K, committed 23344K, reserved 1069056K
  class space    used 2734K, capacity 2928K, committed 2944K, reserved 1048576K
Event: 1.562 GC heap after
Heap after GC invocations=4 (full 1):
 PSYoungGen      total 94208K, used 6079K [0x0000000756b00000, 0x000000075ef80000, 0x00000007c0000000)
  eden space 80896K, 0% used [0x0000000756b00000,0x0000000756b00000,0x000000075ba00000)
  from space 13312K, 45% used [0x000000075ba00000,0x000000075bfefeb0,0x000000075c700000)
  to   space 13312K, 0% used [0x000000075e280000,0x000000075e280000,0x000000075ef80000)
 ParOldGen       total 142336K, used 9410K [0x0000000684000000, 0x000000068cb00000, 0x0000000756b00000)
  object space 142336K, 6% used [0x0000000684000000,0x0000000684930840,0x000000068cb00000)
 Metaspace       used 22266K, capacity 23120K, committed 23344K, reserved 1069056K
  class space    used 2734K, capacity 2928K, committed 2944K, reserved 1048576K
}
Event: 2.360 GC heap before
{Heap before GC invocations=5 (full 1):
 PSYoungGen      total 94208K, used 86975K [0x0000000756b00000, 0x000000075ef80000, 0x00000007c0000000)
  eden space 80896K, 100% used [0x0000000756b00000,0x000000075ba00000,0x000000075ba00000)
  from space 13312K, 45% used [0x000000075ba00000,0x000000075bfefeb0,0x000000075c700000)
  to   space 13312K, 0% used [0x000000075e280000,0x000000075e280000,0x000000075ef80000)
 ParOldGen       total 142336K, used 9410K [0x0000000684000000, 0x000000068cb00000, 0x0000000756b00000)
  object space 142336K, 6% used [0x0000000684000000,0x0000000684930840,0x000000068cb00000)
 Metaspace       used 27109K, capacity 28274K, committed 28544K, reserved 1075200K
  class space    used 3401K, capacity 3629K, committed 3712K, reserved 1048576K
Event: 2.365 GC heap after
Heap after GC invocations=5 (full 1):
 PSYoungGen      total 119296K, used 10195K [0x0000000756b00000, 0x000000075ee00000, 0x00000007c0000000)
  eden space 107520K, 0% used [0x0000000756b00000,0x0000000756b00000,0x000000075d400000)
  from space 11776K, 86% used [0x000000075e280000,0x000000075ec74e48,0x000000075ee00000)
  to   space 13312K, 0% used [0x000000075d400000,0x000000075d400000,0x000000075e100000)
 ParOldGen       total 142336K, used 9418K [0x0000000684000000, 0x000000068cb00000, 0x0000000756b00000)
  object space 142336K, 6% used [0x0000000684000000,0x0000000684932840,0x000000068cb00000)
 Metaspace       used 27109K, capacity 28274K, committed 28544K, reserved 1075200K
  class space    used 3401K, capacity 3629K, committed 3712K, reserved 1048576K
}
Event: 3.425 GC heap before
{Heap before GC invocations=6 (full 1):
 PSYoungGen      total 119296K, used 114796K [0x0000000756b00000, 0x000000075ee00000, 0x00000007c0000000)
  eden space 107520K, 97% used [0x0000000756b00000,0x000000075d126360,0x000000075d400000)
  from space 11776K, 86% used [0x000000075e280000,0x000000075ec74e48,0x000000075ee00000)
  to   space 13312K, 0% used [0x000000075d400000,0x000000075d400000,0x000000075e100000)
 ParOldGen       total 142336K, used 9418K [0x0000000684000000, 0x000000068cb00000, 0x0000000756b00000)
  object space 142336K, 6% used [0x0000000684000000,0x0000000684932840,0x000000068cb00000)
 Metaspace       used 33641K, capacity 35348K, committed 35496K, reserved 1081344K
  class space    used 4237K, capacity 4542K, committed 4608K, reserved 1048576K
Event: 3.434 GC heap after
Heap after GC invocations=6 (full 1):
 PSYoungGen      total 120832K, used 12248K [0x0000000756b00000, 0x0000000761100000, 0x00000007c0000000)
  eden space 107520K, 0% used [0x0000000756b00000,0x0000000756b00000,0x000000075d400000)
  from space 13312K, 92% used [0x000000075d400000,0x000000075dff62f0,0x000000075e100000)
  to   space 13824K, 0% used [0x0000000760380000,0x0000000760380000,0x0000000761100000)
 ParOldGen       total 142336K, used 9426K [0x0000000684000000, 0x000000068cb00000, 0x0000000756b00000)
  object space 142336K, 6% used [0x0000000684000000,0x0000000684934840,0x000000068cb00000)
 Metaspace       used 33641K, capacity 35348K, committed 35496K, reserved 1081344K
  class space    used 4237K, capacity 4542K, committed 4608K, reserved 1048576K
}
Event: 3.434 GC heap before
{Heap before GC invocations=7 (full 2):
 PSYoungGen      total 120832K, used 12248K [0x0000000756b00000, 0x0000000761100000, 0x00000007c0000000)
  eden space 107520K, 0% used [0x0000000756b00000,0x0000000756b00000,0x000000075d400000)
  from space 13312K, 92% used [0x000000075d400000,0x000000075dff62f0,0x000000075e100000)
  to   space 13824K, 0% used [0x0000000760380000,0x0000000760380000,0x0000000761100000)
 ParOldGen       total 142336K, used 9426K [0x0000000684000000, 0x000000068cb00000, 0x0000000756b00000)
  object space 142336K, 6% used [0x0000000684000000,0x0000000684934840,0x000000068cb00000)
 Metaspace       used 33641K, capacity 35348K, committed 35496K, reserved 1081344K
  class space    used 4237K, capacity 4542K, committed 4608K, reserved 1048576K
Event: 3.469 GC heap after
Heap after GC invocations=7 (full 2):
 PSYoungGen      total 120832K, used 0K [0x0000000756b00000, 0x0000000761100000, 0x00000007c0000000)
  eden space 107520K, 0% used [0x0000000756b00000,0x0000000756b00000,0x000000075d400000)
  from space 13312K, 0% used [0x000000075d400000,0x000000075d400000,0x000000075e100000)
  to   space 13824K, 0% used [0x0000000760380000,0x0000000760380000,0x0000000761100000)
 ParOldGen       total 237568K, used 17097K [0x0000000684000000, 0x0000000692800000, 0x0000000756b00000)
  object space 237568K, 7% used [0x0000000684000000,0x00000006850b2540,0x0000000692800000)
 Metaspace       used 33641K, capacity 35348K, committed 35496K, reserved 1081344K
  class space    used 4237K, capacity 4542K, committed 4608K, reserved 1048576K
}

